DEBUG:__main__:[Step-1] Realizando Benchmark
DEBUG:__main__:Fold 0 - Model LRC: ROC-AUC=0.6340619379056853, F1=0.664983164983165, Acc=0.5926305015353122, Pre=0.7669902912621359, Rec=0.586924219910847
DEBUG:__main__:Fold 0 - Model RFC: ROC-AUC=0.6144252952217095, F1=0.759656652360515, Acc=0.6560900716479018, Pre=0.7324137931034482, Rec=0.7890044576523031
DEBUG:__main__:Fold 1 - Model LRC: ROC-AUC=0.6386295651833893, F1=0.6781609195402298, Acc=0.5987717502558854, Pre=0.7577981651376147, Rec=0.6136701337295691
DEBUG:__main__:Fold 1 - Model RFC: ROC-AUC=0.6736236020958786, F1=0.767203513909224, Acc=0.6745138178096213, Pre=0.7561327561327561, Rec=0.7786032689450223
DEBUG:__main__:Fold 2 - Model LRC: ROC-AUC=0.6200780089153046, F1=0.6666666666666666, Acc=0.5926305015353122, Pre=0.763915547024952, Rec=0.5913818722139673
DEBUG:__main__:Fold 2 - Model RFC: ROC-AUC=0.6526648158285758, F1=0.7745664739884393, Acc=0.6806550665301945, Pre=0.7538677918424754, Rec=0.7964338781575037
DEBUG:__main__:Fold 3 - Model LRC: ROC-AUC=0.5816307578008915, F1=0.645324347093513, Acc=0.5690890481064483, Pre=0.745136186770428, Rec=0.5690936106983655
DEBUG:__main__:Fold 3 - Model RFC: ROC-AUC=0.5988650582622976, F1=0.7353154459753445, Acc=0.6264073694984647, Pre=0.7181303116147308, Rec=0.7533432392273403
DEBUG:__main__:Fold 4 - Model LRC: ROC-AUC=0.6091408079625292, F1=0.6542056074766355, Acc=0.5834186284544524, Pre=0.7623762376237624, Rec=0.5729166666666666
DEBUG:__main__:Fold 4 - Model RFC: ROC-AUC=0.6074965846994536, F1=0.7360703812316716, Acc=0.631525076765609, Pre=0.7254335260115607, Rec=0.7470238095238095
DEBUG:__main__:Fold 5 - Model LRC: ROC-AUC=0.6366622350825057, F1=0.6644010195412065, Acc=0.5957011258955988, Pre=0.7757936507936508, Rec=0.5809806835066865
DEBUG:__main__:Fold 5 - Model RFC: ROC-AUC=0.6081029561273167, F1=0.7388441843452817, Acc=0.6345957011258956, Pre=0.7276657060518732, Rec=0.75037147102526
DEBUG:__main__:Fold 6 - Model LRC: ROC-AUC=0.619686986783452, F1=0.6710526315789473, Acc=0.5905834186284544, Pre=0.7513812154696132, Rec=0.6062407132243685
DEBUG:__main__:Fold 6 - Model RFC: ROC-AUC=0.5980292484554626, F1=0.7516292541636496, Acc=0.6489252814738997, Pre=0.7330508474576272, Rec=0.7711738484398217
DEBUG:__main__:Fold 7 - Model LRC: ROC-AUC=0.6253470321420193, F1=0.6547314578005116, Acc=0.5854657113613101, Pre=0.768, Rec=0.5705794947994056
DEBUG:__main__:Fold 7 - Model RFC: ROC-AUC=0.6412200868069133, F1=0.760806916426513, Acc=0.6601842374616171, Pre=0.7384615384615385, Rec=0.7845468053491828
DEBUG:__main__:Fold 8 - Model LRC: ROC-AUC=0.5953849612888089, F1=0.6538782318598833, Acc=0.5752302968270215, Pre=0.7452471482889734, Rec=0.5824665676077266
DEBUG:__main__:Fold 8 - Model RFC: ROC-AUC=0.5991998709626964, F1=0.7404129793510325, Acc=0.6397134083930399, Pre=0.7349926793557833, Rec=0.7459138187221397
DEBUG:__main__:Fold 9 - Model LRC: ROC-AUC=0.6207894223263075, F1=0.6716417910447762, Acc=0.5946775844421699, Pre=0.7584269662921348, Rec=0.6026785714285714
DEBUG:__main__:Fold 9 - Model RFC: ROC-AUC=0.6316451990632318, F1=0.7538126361655774, Acc=0.6530194472876152, Pre=0.7361702127659574, Rec=0.7723214285714286
DEBUG:__main__:
DEBUG:__main__:[Step-2] Selecionando Melhor Modelo
DEBUG:__main__:
DEBUG:__main__:Best Model RFC
DEBUG:__main__:
DEBUG:__main__:[Step-3] Criando o Modelo Final
DEBUG:__main__:Champion RFC: ROC-AUC=0.6249022444670369, F1=0.751269035532995, Acc=0.6489252814738997, Pre=0.7337110481586402, Rec=0.7696879643387816
